<?xml version="1.0" encoding="UTF-8"?>
<testng-results ignored="0" total="1" passed="1" failed="0" skipped="0">
  <reporter-output>
  </reporter-output>
  <suite started-at="2019-11-24T06:18:18 UTC" name="Surefire suite" finished-at="2019-11-24T06:18:21 UTC" duration-ms="3173">
    <groups>
    </groups>
    <test started-at="2019-11-24T06:18:18 UTC" name="Surefire test" finished-at="2019-11-24T06:18:21 UTC" duration-ms="3173">
      <class name="com.example.demo.test.PolygonalApproximationApplicationTests">
        <test-method signature="contextLoads()" started-at="2019-11-24T06:18:18 UTC" name="contextLoads" finished-at="2019-11-24T06:18:21 UTC" duration-ms="2794" status="PASS">
          <reporter-output>
          </reporter-output>
        </test-method> <!-- contextLoads -->
      </class> <!-- com.example.demo.test.PolygonalApproximationApplicationTests -->
    </test> <!-- Surefire test -->
  </suite> <!-- Surefire suite -->
</testng-results>
