<?xml version="1.0" encoding="UTF-8"?>
<testng-results ignored="0" total="1" passed="1" failed="0" skipped="0">
  <reporter-output>
  </reporter-output>
  <suite started-at="2019-12-01T14:50:24 UTC" name="Surefire suite" finished-at="2019-12-01T14:50:27 UTC" duration-ms="3186">
    <groups>
    </groups>
    <test started-at="2019-12-01T14:50:24 UTC" name="Surefire test" finished-at="2019-12-01T14:50:27 UTC" duration-ms="3186">
      <class name="com.example.demo.test.PolygonalApproximationApplicationTests">
        <test-method signature="contextLoads()" started-at="2019-12-01T14:50:24 UTC" name="contextLoads" finished-at="2019-12-01T14:50:27 UTC" duration-ms="2798" status="PASS">
          <reporter-output>
          </reporter-output>
        </test-method> <!-- contextLoads -->
      </class> <!-- com.example.demo.test.PolygonalApproximationApplicationTests -->
    </test> <!-- Surefire test -->
  </suite> <!-- Surefire suite -->
</testng-results>
