<?xml version="1.0" encoding="UTF-8"?>
<!-- Generated by org.testng.reporters.JUnitXMLReporter -->
<testsuite hostname="ip-7-7-254-55.eu-west-2.compute.internal" ignored="0" name="Surefire test" tests="18" failures="0" timestamp="2019-08-22T11:16:10 UTC" time="0.061" errors="0">
  <testcase name="shouldCalculateDistanceFromPointToLine" time="0.005" classname="com.example.demo.test.LineTest"/>
  <testcase name="shouldCalculateDistanceFromPointToLine" time="0.0" classname="com.example.demo.test.LineTest"/>
  <testcase name="shouldCalculateDistanceFromPointToLine" time="0.0" classname="com.example.demo.test.LineTest"/>
  <testcase name="shouldCalculateDistanceFromPointToLine" time="0.0" classname="com.example.demo.test.LineTest"/>
  <testcase name="shouldCalculateAverage" time="0.0" classname="com.example.demo.test.EpsilonHelperTest"/>
  <testcase name="shouldCalculateDeviations" time="0.0" classname="com.example.demo.test.EpsilonHelperTest"/>
  <testcase name="shouldFindMaximum" time="0.0" classname="com.example.demo.test.EpsilonHelperTest"/>
  <testcase name="shouldReduceSeries" time="0.0" classname="com.example.demo.test.SeriesReducerTest"/>
  <testcase name="shouldReduceSeries" time="0.0" classname="com.example.demo.test.SeriesReducerTest"/>
  <testcase name="shouldReduceSeries" time="0.0" classname="com.example.demo.test.SeriesReducerTest"/>
  <testcase name="shouldReduceSeries" time="0.005" classname="com.example.demo.test.SeriesReducerTest"/>
  <testcase name="shouldReduceSeries" time="0.0" classname="com.example.demo.test.SeriesReducerTest"/>
  <testcase name="shouldValidateEpsilon" time="0.0" classname="com.example.demo.test.SeriesReducerTest"/>
  <testcase name="shouldValidateEpsilon" time="0.0" classname="com.example.demo.test.SeriesReducerTest"/>
  <testcase name="testAutomaticEpsilon" time="0.001" classname="com.example.demo.test.SeriesReducerTest"/>
  <testcase name="testAutomaticEpsilon" time="0.001" classname="com.example.demo.test.SeriesReducerTest"/>
  <testcase name="testAutomaticEpsilon" time="0.0" classname="com.example.demo.test.SeriesReducerTest"/>
  <testcase name="testAutomaticEpsilon" time="0.002" classname="com.example.demo.test.SeriesReducerTest"/>
</testsuite> <!-- Surefire test -->
