<?xml version="1.0" encoding="UTF-8"?>
<!-- Generated by org.testng.reporters.JUnitXMLReporter -->
<testsuite ignored="0" hostname="EC2AMAZ-PVVNSIG" failures="0" tests="18" name="Surefire test" time="0.078" errors="0" timestamp="2019-12-01T12:30:19 UTC">
  <testcase classname="com.example.demo.test.EpsilonHelperTest" name="shouldCalculateAverage" time="0.007"/>
  <testcase classname="com.example.demo.test.EpsilonHelperTest" name="shouldCalculateDeviations" time="0.001"/>
  <testcase classname="com.example.demo.test.EpsilonHelperTest" name="shouldFindMaximum" time="0.0"/>
  <testcase classname="com.example.demo.test.LineTest" name="shouldCalculateDistanceFromPointToLine" time="0.001"/>
  <testcase classname="com.example.demo.test.LineTest" name="shouldCalculateDistanceFromPointToLine" time="0.0"/>
  <testcase classname="com.example.demo.test.LineTest" name="shouldCalculateDistanceFromPointToLine" time="0.0"/>
  <testcase classname="com.example.demo.test.LineTest" name="shouldCalculateDistanceFromPointToLine" time="0.0"/>
  <testcase classname="com.example.demo.test.SeriesReducerTest" name="shouldReduceSeries" time="0.001"/>
  <testcase classname="com.example.demo.test.SeriesReducerTest" name="shouldReduceSeries" time="0.002"/>
  <testcase classname="com.example.demo.test.SeriesReducerTest" name="shouldReduceSeries" time="0.0"/>
  <testcase classname="com.example.demo.test.SeriesReducerTest" name="shouldReduceSeries" time="0.003"/>
  <testcase classname="com.example.demo.test.SeriesReducerTest" name="shouldReduceSeries" time="0.0"/>
  <testcase classname="com.example.demo.test.SeriesReducerTest" name="shouldValidateEpsilon" time="0.001"/>
  <testcase classname="com.example.demo.test.SeriesReducerTest" name="shouldValidateEpsilon" time="0.0"/>
  <testcase classname="com.example.demo.test.SeriesReducerTest" name="testAutomaticEpsilon" time="0.0"/>
  <testcase classname="com.example.demo.test.SeriesReducerTest" name="testAutomaticEpsilon" time="0.0"/>
  <testcase classname="com.example.demo.test.SeriesReducerTest" name="testAutomaticEpsilon" time="0.0"/>
  <testcase classname="com.example.demo.test.SeriesReducerTest" name="testAutomaticEpsilon" time="0.002"/>
</testsuite> <!-- Surefire test -->
