<?xml version="1.0" encoding="UTF-8"?>
<!-- Generated by org.testng.reporters.JUnitXMLReporter -->
<testsuite hostname="ip-7-7-254-55.eu-west-2.compute.internal" ignored="0" name="Surefire test" tests="1" failures="0" timestamp="2019-08-22T11:16:12 UTC" time="2.546" errors="0">
  <testcase name="contextLoads on contextLoads(com.example.demo.test.PolygonalApproximationApplicationTests)" time="2.222" classname="com.example.demo.test.PolygonalApproximationApplicationTests"/>
</testsuite> <!-- Surefire test -->
