<?xml version="1.0" encoding="UTF-8"?>
<!-- Generated by org.testng.reporters.JUnitXMLReporter -->
<testsuite hostname="ip-7-7-254-55.eu-west-2.compute.internal" ignored="0" name="Surefire test" tests="1" failures="0" timestamp="2019-10-20T18:52:15 UTC" time="2.625" errors="0">
  <testcase name="contextLoads on contextLoads(com.example.demo.test.PolygonalApproximationApplicationTests)" time="2.323" classname="com.example.demo.test.PolygonalApproximationApplicationTests"/>
</testsuite> <!-- Surefire test -->
